<?xml version="1.0" encoding="utf-8"?><testsuites name="pytest tests"><testsuite name="pytest" errors="0" failures="0" skipped="0" tests="8" time="4.151" timestamp="2026-07-31T17:14:25.806455+00:00" hostname="agent-env-a6fcdea8-778c-4107-a29e-ff534e947645"><testcase classname="tests.backend_test.TestDonations" name="test_packages_are_complete" time="0.332" /><testcase classname="tests.backend_test.TestDonations" name="test_invalid_package_is_rejected" time="0.052" /><testcase classname="tests.backend_test.TestDonations" name="test_checkout_persists_initiated_pending_record" time="0.941" /><testcase classname="tests.backend_test.TestDonations" name="test_pending_status_polls_through_to_stripe" time="0.802" /><testcase classname="tests.backend_test.TestDonations" name="test_unknown_status_is_404" time="0.149" /><testcase classname="tests.backend_test.TestDonations" name="test_stats_shape_and_values" time="0.042" /><testcase classname="tests.backend_test.TestDonations" name="test_admin_donations_rbac_and_record" time="0.721" /><testcase classname="tests.backend_test.TestDonations" name="test_webhook_rejects_invalid_signature" time="0.050" /></testsuite></testsuites>