<?xml version="1.0" encoding="utf-8"?><testsuites name="pytest tests"><testsuite name="pytest" errors="0" failures="3" skipped="0" tests="15" time="3.476" timestamp="2026-07-31T06:26:09.150475+00:00" hostname="agent-env-a6fcdea8-778c-4107-a29e-ff534e947645"><testcase classname="tests.backend_test.TestAuthSecurityPlaybook" name="test_login_cookie_is_httponly_secure" time="0.591" /><testcase classname="tests.backend_test.TestExistingAdminRegression" name="test_admin_lists_bins_and_users" time="0.662" /><testcase classname="tests.backend_test.TestAuthSecurityPlaybook" name="test_seeded_admin_bcrypt_hash_format" time="0.073" /><testcase classname="tests.backend_test.TestExistingAdminRegression" name="test_refill_and_verify_persistence" time="0.323" /><testcase classname="tests.backend_test.TestAuthSecurityPlaybook" name="test_cors_rejects_unconfigured_origin_for_credentials" time="0.035"><failure message="AssertionError: assert 'access-control-allow-origin' not in {'Date': 'Fri, 31 Jul 2026 06:26:10 GMT', 'Content-Type': 'application/json', 'Content-Length': '30', 'Connection': 'keep-alive', 'CF-Ray': 'a23a87ae490d6668-AMS', 'CF-Cache-Status': 'DYNAMIC', 'Access-Control-Allow-Origin': '*', 'Cache-Control': 'no-store, no-cache, must-revalidate', 'Server': 'cloudflare', 'Vary': 'Origin', 'Via': '1.1 google', 'Access-Control-Allow-Headers': '*', 'Access-Control-Allow-Methods': 'GET, POST, PUT, DELETE, OPTIONS, HEAD, PATCH', 'Access-Control-Max-Age': '300', 'access-control-allow-credentials': 'true', 'X-Robots-Tag': 'noindex, nofollow'}&#10; +  where {'Date': 'Fri, 31 Jul 2026 06:26:10 GMT', 'Content-Type': 'application/json', 'Content-Length': '30', 'Connection': 'keep-alive', 'CF-Ray': 'a23a87ae490d6668-AMS', 'CF-Cache-Status': 'DYNAMIC', 'Access-Control-Allow-Origin': '*', 'Cache-Control': 'no-store, no-cache, must-revalidate', 'Server': 'cloudflare', 'Vary': 'Origin', 'Via': '1.1 google', 'Access-Control-Allow-Headers': '*', 'Access-Control-Allow-Methods': 'GET, POST, PUT, DELETE, OPTIONS, HEAD, PATCH', 'Access-Control-Max-Age': '300', 'access-control-allow-credentials': 'true', 'X-Robots-Tag': 'noindex, nofollow'} = &lt;Response [200]&gt;.headers">backend/tests/backend_test.py:259: in test_cors_rejects_unconfigured_origin_for_credentials
    assert "access-control-allow-origin" not in response.headers
E   AssertionError: assert 'access-control-allow-origin' not in {'Date': 'Fri, 31 Jul 2026 06:26:10 GMT', 'Content-Type': 'application/json', 'Content-Length': '30', 'Connection': 'keep-alive', 'CF-Ray': 'a23a87ae490d6668-AMS', 'CF-Cache-Status': 'DYNAMIC', 'Access-Control-Allow-Origin': '*', 'Cache-Control': 'no-store, no-cache, must-revalidate', 'Server': 'cloudflare', 'Vary': 'Origin', 'Via': '1.1 google', 'Access-Control-Allow-Headers': '*', 'Access-Control-Allow-Methods': 'GET, POST, PUT, DELETE, OPTIONS, HEAD, PATCH', 'Access-Control-Max-Age': '300', 'access-control-allow-credentials': 'true', 'X-Robots-Tag': 'noindex, nofollow'}
E    +  where {'Date': 'Fri, 31 Jul 2026 06:26:10 GMT', 'Content-Type': 'application/json', 'Content-Length': '30', 'Connection': 'keep-alive', 'CF-Ray': 'a23a87ae490d6668-AMS', 'CF-Cache-Status': 'DYNAMIC', 'Access-Control-Allow-Origin': '*', 'Cache-Control': 'no-store, no-cache, must-revalidate', 'Server': 'cloudflare', 'Vary': 'Origin', 'Via': '1.1 google', 'Access-Control-Allow-Headers': '*', 'Access-Control-Allow-Methods': 'GET, POST, PUT, DELETE, OPTIONS, HEAD, PATCH', 'Access-Control-Max-Age': '300', 'access-control-allow-credentials': 'true', 'X-Robots-Tag': 'noindex, nofollow'} = &lt;Response [200]&gt;.headers</failure></testcase><testcase classname="tests.backend_test.TestAuthSecurityPlaybook" name="test_brute_force_lockout_after_five_failures" time="1.864"><failure message="assert 401 == 429">backend/tests/backend_test.py:265: in test_brute_force_lockout_after_five_failures
    assert statuses[5] == 429
E   assert 401 == 429</failure></testcase><testcase classname="tests.backend_test.TestExistingAdminRegression" name="test_exactly_ninety_percent_is_not_over_threshold" time="0.299"><failure message="AssertionError: assert 'PZ-010' not in ['PZ-010']">backend/tests/backend_test.py:220: in test_exactly_ninety_percent_is_not_over_threshold
    assert "PZ-010" not in alerted_ids
E   AssertionError: assert 'PZ-010' not in ['PZ-010']</failure></testcase><testcase classname="tests.backend_test.TestExistingAdminRegression" name="test_xlsx_export" time="0.248" /><testcase classname="tests.backend_test.TestAdminSponsorCRUD" name="test_non_admin_cannot_create_sponsor" time="0.740" /><testcase classname="tests.backend_test.TestAdminSponsorCRUD" name="test_admin_create_then_delete_sponsor" time="0.443" /><testcase classname="tests.backend_test.TestPublicSponsors" name="test_seeded_sponsor_list" time="0.274" /><testcase classname="tests.backend_test.TestAdminAlerts" name="test_non_admin_alert_check_is_forbidden" time="0.037" /><testcase classname="tests.backend_test.TestAdminAlerts" name="test_admin_alert_check" time="0.074" /><testcase classname="tests.backend_test.TestPublicSponsors" name="test_sponsor_detail_with_bins_and_impact" time="0.037" /><testcase classname="tests.backend_test.TestPublicSponsors" name="test_unknown_sponsor_is_404" time="0.035" /></testsuite></testsuites>