<?xml version="1.0" encoding="utf-8"?><testsuites name="pytest tests"><testsuite name="pytest" errors="0" failures="3" skipped="0" tests="24" time="5.491" timestamp="2026-07-31T17:21:56.403574+00:00" hostname="agent-env-a6fcdea8-778c-4107-a29e-ff534e947645"><testcase classname="tests.backend_test.TestDonations" name="test_packages_are_complete" time="0.347" /><testcase classname="tests.backend_test.TestExistingAdminRegression" name="test_admin_lists_bins_and_users" time="0.409" /><testcase classname="tests.backend_test.TestDonations" name="test_invalid_package_is_rejected" time="0.078" /><testcase classname="tests.backend_test.TestExistingAdminRegression" name="test_refill_and_verify_persistence" time="0.715" /><testcase classname="tests.backend_test.TestDonations" name="test_checkout_persists_initiated_pending_record" time="0.816" /><testcase classname="tests.backend_test.TestExistingAdminRegression" name="test_exactly_ninety_percent_is_not_over_threshold" time="0.151" /><testcase classname="tests.backend_test.TestDonations" name="test_pending_status_polls_through_to_stripe" time="0.475" /><testcase classname="tests.backend_test.TestExistingAdminRegression" name="test_xlsx_export" time="0.432" /><testcase classname="tests.backend_test.TestAuthSecurityPlaybook" name="test_login_cookie_is_httponly_secure" time="0.322" /><testcase classname="tests.backend_test.TestDonations" name="test_unknown_status_is_404" time="0.038" /><testcase classname="tests.backend_test.TestDonations" name="test_stats_shape_and_values" time="0.043" /><testcase classname="tests.backend_test.TestAuthSecurityPlaybook" name="test_seeded_admin_bcrypt_hash_format" time="0.004" /><testcase classname="tests.backend_test.TestAuthSecurityPlaybook" name="test_cors_rejects_unconfigured_origin_for_credentials" time="0.238"><failure message="AssertionError: assert 'access-control-allow-origin' not in {'Date': 'Fri, 31 Jul 2026 17:21:59 GMT', 'Content-Type': 'application/json', 'Content-Length': '30', 'Connection': 'keep-alive', 'CF-Ray': 'a23e48579fe628ac-AMS', 'CF-Cache-Status': 'DYNAMIC', 'Access-Control-Allow-Origin': '*', 'Cache-Control': 'no-store, no-cache, must-revalidate', 'Server': 'cloudflare', 'Vary': 'Origin', 'Via': '1.1 google', 'Access-Control-Allow-Headers': '*', 'Access-Control-Allow-Methods': 'GET, POST, PUT, DELETE, OPTIONS, HEAD, PATCH', 'Access-Control-Max-Age': '300', 'access-control-allow-credentials': 'true', 'X-Robots-Tag': 'noindex, nofollow'}&#10; +  where {'Date': 'Fri, 31 Jul 2026 17:21:59 GMT', 'Content-Type': 'application/json', 'Content-Length': '30', 'Connection': 'keep-alive', 'CF-Ray': 'a23e48579fe628ac-AMS', 'CF-Cache-Status': 'DYNAMIC', 'Access-Control-Allow-Origin': '*', 'Cache-Control': 'no-store, no-cache, must-revalidate', 'Server': 'cloudflare', 'Vary': 'Origin', 'Via': '1.1 google', 'Access-Control-Allow-Headers': '*', 'Access-Control-Allow-Methods': 'GET, POST, PUT, DELETE, OPTIONS, HEAD, PATCH', 'Access-Control-Max-Age': '300', 'access-control-allow-credentials': 'true', 'X-Robots-Tag': 'noindex, nofollow'} = &lt;Response [200]&gt;.headers">backend/tests/backend_test.py:289: in test_cors_rejects_unconfigured_origin_for_credentials
    assert "access-control-allow-origin" not in response.headers
E   AssertionError: assert 'access-control-allow-origin' not in {'Date': 'Fri, 31 Jul 2026 17:21:59 GMT', 'Content-Type': 'application/json', 'Content-Length': '30', 'Connection': 'keep-alive', 'CF-Ray': 'a23e48579fe628ac-AMS', 'CF-Cache-Status': 'DYNAMIC', 'Access-Control-Allow-Origin': '*', 'Cache-Control': 'no-store, no-cache, must-revalidate', 'Server': 'cloudflare', 'Vary': 'Origin', 'Via': '1.1 google', 'Access-Control-Allow-Headers': '*', 'Access-Control-Allow-Methods': 'GET, POST, PUT, DELETE, OPTIONS, HEAD, PATCH', 'Access-Control-Max-Age': '300', 'access-control-allow-credentials': 'true', 'X-Robots-Tag': 'noindex, nofollow'}
E    +  where {'Date': 'Fri, 31 Jul 2026 17:21:59 GMT', 'Content-Type': 'application/json', 'Content-Length': '30', 'Connection': 'keep-alive', 'CF-Ray': 'a23e48579fe628ac-AMS', 'CF-Cache-Status': 'DYNAMIC', 'Access-Control-Allow-Origin': '*', 'Cache-Control': 'no-store, no-cache, must-revalidate', 'Server': 'cloudflare', 'Vary': 'Origin', 'Via': '1.1 google', 'Access-Control-Allow-Headers': '*', 'Access-Control-Allow-Methods': 'GET, POST, PUT, DELETE, OPTIONS, HEAD, PATCH', 'Access-Control-Max-Age': '300', 'access-control-allow-credentials': 'true', 'X-Robots-Tag': 'noindex, nofollow'} = &lt;Response [200]&gt;.headers</failure></testcase><testcase classname="tests.backend_test.TestAuthSecurityPlaybook" name="test_brute_force_lockout_after_five_failures" time="1.910"><failure message="assert 401 == 429">backend/tests/backend_test.py:295: in test_brute_force_lockout_after_five_failures
    assert statuses[5] == 429
E   assert 401 == 429</failure></testcase><testcase classname="tests.backend_test.TestDonations" name="test_admin_donations_rbac_and_record" time="1.070" /><testcase classname="tests.backend_test.TestDonations" name="test_admin_donations_without_token_is_forbidden" time="0.237"><failure message="assert 401 == 403&#10; +  where 401 = &lt;Response [401]&gt;.status_code">backend/tests/backend_test.py:396: in test_admin_donations_without_token_is_forbidden
    assert response.status_code == 403
E   assert 401 == 403
E    +  where 401 = &lt;Response [401]&gt;.status_code</failure></testcase><testcase classname="tests.backend_test.TestDonations" name="test_webhook_rejects_invalid_signature" time="0.247" /><testcase classname="tests.backend_test.TestAdminSponsorCRUD" name="test_non_admin_cannot_create_sponsor" time="0.032" /><testcase classname="tests.backend_test.TestAdminSponsorCRUD" name="test_admin_create_then_delete_sponsor" time="0.872" /><testcase classname="tests.backend_test.TestPublicSponsors" name="test_seeded_sponsor_list" time="0.049" /><testcase classname="tests.backend_test.TestPublicSponsors" name="test_sponsor_detail_with_bins_and_impact" time="0.057" /><testcase classname="tests.backend_test.TestAdminAlerts" name="test_non_admin_alert_check_is_forbidden" time="0.075" /><testcase classname="tests.backend_test.TestPublicSponsors" name="test_unknown_sponsor_is_404" time="0.090" /><testcase classname="tests.backend_test.TestAdminAlerts" name="test_admin_alert_check" time="0.038" /></testsuite></testsuites>